<?xml version="1.0" encoding="UTF-8"?>
<!-- Generated by org.testng.reporters.JUnitXMLReporter -->
<testsuite ignored="15" hostname="Sadat" failures="0" tests="2" name="Sanity" time="44.153" errors="0" timestamp="2025-02-06T11:31:40 GMT+06:00">
  <testcase classname="com.mystore.testcases.LoginPageTest" name="loginTest" time="6.765"/>
  <testcase classname="com.mystore.testcases.AddToCartPageTest" name="addToCartPageTest" time="16.926"/>
  <testcase classname="com.mystore.base.BaseClass" name="@BeforeSuite loadConfig" time="0.0">
    <ignored/>
  </testcase> <!-- @BeforeSuite loadConfig -->
  <testcase classname="com.mystore.base.BaseClass" name="@BeforeSuite loadConfig" time="0.0">
    <ignored/>
  </testcase> <!-- @BeforeSuite loadConfig -->
  <testcase classname="com.mystore.base.BaseClass" name="@BeforeSuite loadConfig" time="0.0">
    <ignored/>
  </testcase> <!-- @BeforeSuite loadConfig -->
  <testcase classname="com.mystore.base.BaseClass" name="@BeforeSuite loadConfig" time="0.0">
    <ignored/>
  </testcase> <!-- @BeforeSuite loadConfig -->
  <testcase classname="com.mystore.base.BaseClass" name="@BeforeSuite loadConfig" time="0.0">
    <ignored/>
  </testcase> <!-- @BeforeSuite loadConfig -->
  <testcase classname="com.mystore.base.BaseClass" name="@BeforeSuite loadConfig" time="0.0">
    <ignored/>
  </testcase> <!-- @BeforeSuite loadConfig -->
  <testcase classname="com.mystore.base.BaseClass" name="@BeforeSuite loadConfig" time="0.0">
    <ignored/>
  </testcase> <!-- @BeforeSuite loadConfig -->
  <testcase classname="com.mystore.testcases.IndexPageTest" name="verifyLogo" time="0.0">
    <ignored/>
  </testcase> <!-- verifyLogo -->
  <testcase classname="com.mystore.testcases.EndToEndTest" name="endToendTest" time="0.0">
    <ignored/>
  </testcase> <!-- endToendTest -->
  <testcase classname="com.mystore.testcases.OrderPageTest" name="verifyPrice" time="0.0">
    <ignored/>
  </testcase> <!-- verifyPrice -->
  <testcase classname="com.mystore.testcases.HomePageTest" name="orderHistoryTest" time="0.0">
    <ignored/>
  </testcase> <!-- orderHistoryTest -->
  <testcase classname="com.mystore.testcases.HomePageTest" name="wishlistTest" time="0.0">
    <ignored/>
  </testcase> <!-- wishlistTest -->
  <testcase classname="com.mystore.testcases.SearchResultPageTest" name="productAvialableTest" time="0.0">
    <ignored/>
  </testcase> <!-- productAvialableTest -->
  <testcase classname="com.mystore.testcases.IndexPageTest" name="verifyTitle" time="0.0">
    <ignored/>
  </testcase> <!-- verifyTitle -->
  <testcase classname="com.mystore.testcases.AccountCreationPageTest" name="accountCreationTest" time="0.0">
    <ignored/>
  </testcase> <!-- accountCreationTest -->
</testsuite> <!-- Sanity -->
