<?xml version="1.0" encoding="UTF-8"?>
<testng-results ignored="15" total="17" passed="2" failed="0" skipped="0">
  <reporter-output>
  </reporter-output>
  <suite started-at="2025-02-06T11:30:56 GMT+06:00" name="Suite" finished-at="2025-02-06T11:31:40 GMT+06:00" duration-ms="44153">
    <groups>
      <group name="Sanity">
        <method signature="AddToCartPageTest.addToCartPageTest(java.lang.String,java.lang.String)[pri:0, instance:com.mystore.testcases.AddToCartPageTest@34e9fd99]" name="addToCartPageTest" class="com.mystore.testcases.AddToCartPageTest"/>
        <method signature="LoginPageTest.loginTest(java.lang.String,java.lang.String)[pri:0, instance:com.mystore.testcases.LoginPageTest@45752059]" name="loginTest" class="com.mystore.testcases.LoginPageTest"/>
      </group> <!-- Sanity -->
      <group name="Regression">
        <method signature="AddToCartPageTest.addToCartPageTest(java.lang.String,java.lang.String)[pri:0, instance:com.mystore.testcases.AddToCartPageTest@34e9fd99]" name="addToCartPageTest" class="com.mystore.testcases.AddToCartPageTest"/>
      </group> <!-- Regression -->
      <group name="Smoke">
        <method signature="LoginPageTest.loginTest(java.lang.String,java.lang.String)[pri:0, instance:com.mystore.testcases.LoginPageTest@45752059]" name="loginTest" class="com.mystore.testcases.LoginPageTest"/>
      </group> <!-- Smoke -->
    </groups>
    <test started-at="2025-02-06T11:30:56 GMT+06:00" name="Sanity" finished-at="2025-02-06T11:31:40 GMT+06:00" duration-ms="44153">
      <class name="com.mystore.testcases.AddToCartPageTest">
        <test-method is-config="true" signature="setup(java.lang.String)[pri:0, instance:com.mystore.testcases.AddToCartPageTest@34e9fd99]" started-at="2025-02-06T11:31:14 GMT+06:00" name="setup" finished-at="2025-02-06T11:31:23 GMT+06:00" duration-ms="8094" status="PASS">
          <params>
            <param index="0">
              <value>
                <![CDATA[Chrome]]>
              </value>
            </param>
          </params>
          <reporter-output>
          </reporter-output>
        </test-method> <!-- setup -->
        <test-method signature="addToCartPageTest(java.lang.String,java.lang.String)[pri:0, instance:com.mystore.testcases.AddToCartPageTest@34e9fd99]" started-at="2025-02-06T11:31:23 GMT+06:00" name="addToCartPageTest" data-provider="getProduct" finished-at="2025-02-06T11:31:40 GMT+06:00" duration-ms="16926" status="PASS">
          <params>
            <param index="0">
              <value>
                <![CDATA[2.0]]>
              </value>
            </param>
            <param index="1">
              <value>
                <![CDATA[XXL]]>
              </value>
            </param>
          </params>
          <reporter-output>
          </reporter-output>
        </test-method> <!-- addToCartPageTest -->
        <test-method is-config="true" signature="tearDown()[pri:0, instance:com.mystore.testcases.AddToCartPageTest@34e9fd99]" started-at="2025-02-06T11:31:40 GMT+06:00" name="tearDown" finished-at="2025-02-06T11:31:40 GMT+06:00" duration-ms="227" status="PASS">
          <reporter-output>
          </reporter-output>
        </test-method> <!-- tearDown -->
      </class> <!-- com.mystore.testcases.AddToCartPageTest -->
      <class name="com.mystore.testcases.IndexPageTest">
        <test-method is-config="true" signature="loadConfig()[pri:0, instance:com.mystore.testcases.IndexPageTest@1d296da]" started-at="2025-02-06T11:30:55 GMT+06:00" name="loadConfig" finished-at="2025-02-06T11:30:56 GMT+06:00" duration-ms="277" status="PASS">
          <reporter-output>
          </reporter-output>
        </test-method> <!-- loadConfig -->
      </class> <!-- com.mystore.testcases.IndexPageTest -->
      <class name="com.mystore.testcases.LoginPageTest">
        <test-method is-config="true" signature="setup(java.lang.String)[pri:0, instance:com.mystore.testcases.LoginPageTest@45752059]" started-at="2025-02-06T11:30:56 GMT+06:00" name="setup" finished-at="2025-02-06T11:31:08 GMT+06:00" duration-ms="11337" status="PASS">
          <params>
            <param index="0">
              <value>
                <![CDATA[Chrome]]>
              </value>
            </param>
          </params>
          <reporter-output>
          </reporter-output>
        </test-method> <!-- setup -->
        <test-method signature="loginTest(java.lang.String,java.lang.String)[pri:0, instance:com.mystore.testcases.LoginPageTest@45752059]" started-at="2025-02-06T11:31:08 GMT+06:00" name="loginTest" data-provider="credentials" finished-at="2025-02-06T11:31:14 GMT+06:00" duration-ms="6765" status="PASS">
          <params>
            <param index="0">
              <value>
                <![CDATA[Tester12]]>
              </value>
            </param>
            <param index="1">
              <value>
                <![CDATA[admin]]>
              </value>
            </param>
          </params>
          <reporter-output>
          </reporter-output>
        </test-method> <!-- loginTest -->
        <test-method is-config="true" signature="tearDown()[pri:0, instance:com.mystore.testcases.LoginPageTest@45752059]" started-at="2025-02-06T11:31:14 GMT+06:00" name="tearDown" finished-at="2025-02-06T11:31:14 GMT+06:00" duration-ms="159" status="PASS">
          <reporter-output>
          </reporter-output>
        </test-method> <!-- tearDown -->
      </class> <!-- com.mystore.testcases.LoginPageTest -->
    </test> <!-- Sanity -->
  </suite> <!-- Suite -->
</testng-results>
